[2020-06-29 15:59:17] Syncing products since 2020-06-22 00:00:00
[2020-06-29 15:59:17] {"companyId":470,"options":{"filter":{"field":"updatedAt","comparison":"gte","value":"2020-06-22 00:00:00"}}}
[2020-06-29 15:59:17] Found 5 products
[2020-06-29 15:59:17] Product not found in WooCommerce or without active stock: Fee
[2020-06-29 15:59:17] Product with reference Mesaxpto already was up-to-date 94 | 94
[2020-06-29 15:59:17] Product not found in WooCommerce or without active stock: portesss
[2020-06-29 15:59:17] Product with reference _Cad_XPT already was up-to-date  | 0
[2020-06-29 15:59:17] Product not found in WooCommerce or without active stock: _Cad_XPTasdasdads
[2020-06-29 17:10:52] Starting automatic stock synchronization...
[2020-06-29 17:10:52] Syncing products since 2020-06-29 17:00:52
[2020-06-29 17:10:52] {"companyId":470,"options":{"filter":{"field":"updatedAt","comparison":"gte","value":"2020-06-29 17:00:52"}}}
[2020-06-29 17:10:52] No products to update since 2020-06-29 17:00:52
[2020-06-29 17:15:38] Starting automatic stock synchronization...
[2020-06-29 17:15:38] Syncing products since 2020-06-29 17:10:52
[2020-06-29 17:15:38] {"companyId":470,"options":{"filter":{"field":"updatedAt","comparison":"gte","value":"2020-06-29 17:10:52"}}}
[2020-06-29 17:15:38] No products to update since 2020-06-29 17:10:52
[2020-06-29 17:21:24] Starting automatic stock synchronization...
[2020-06-29 17:21:24] Syncing products since 2020-06-29 17:15:38
[2020-06-29 17:21:24] {"companyId":470,"options":{"filter":{"field":"updatedAt","comparison":"gte","value":"2020-06-29 17:15:38"}}}
[2020-06-29 17:21:25] No products to update since 2020-06-29 17:15:38
[2020-06-29 17:25:49] Starting automatic stock synchronization...
[2020-06-29 17:25:49] Syncing products since 2020-06-29 17:21:24
[2020-06-29 17:25:49] {"companyId":470,"options":{"filter":{"field":"updatedAt","comparison":"gte","value":"2020-06-29 17:21:24"}}}
[2020-06-29 17:25:50] No products to update since 2020-06-29 17:21:24
[2020-06-29 17:30:51] Starting automatic stock synchronization...
[2020-06-29 17:30:51] Syncing products since 2020-06-29 17:25:49
[2020-06-29 17:30:51] {"companyId":470,"options":{"filter":{"field":"updatedAt","comparison":"gte","value":"2020-06-29 17:25:49"}}}
[2020-06-29 17:30:52] No products to update since 2020-06-29 17:25:49
[2020-06-29 17:36:24] Starting automatic stock synchronization...
[2020-06-29 17:36:24] Syncing products since 2020-06-29 17:30:51
[2020-06-29 17:36:24] {"companyId":470,"options":{"filter":{"field":"updatedAt","comparison":"gte","value":"2020-06-29 17:30:51"}}}
[2020-06-29 17:36:25] No products to update since 2020-06-29 17:30:51
[2020-06-29 17:40:33] Starting automatic stock synchronization...
[2020-06-29 17:40:33] Syncing products since 2020-06-29 17:36:24
[2020-06-29 17:40:33] {"companyId":470,"options":{"filter":{"field":"updatedAt","comparison":"gte","value":"2020-06-29 17:36:24"}}}
[2020-06-29 17:40:34] No products to update since 2020-06-29 17:36:24
[2020-06-29 17:46:01] Starting automatic stock synchronization...
[2020-06-29 17:46:01] Syncing products since 2020-06-29 17:40:33
[2020-06-29 17:46:01] {"companyId":470,"options":{"filter":{"field":"updatedAt","comparison":"gte","value":"2020-06-29 17:40:33"}}}
[2020-06-29 17:46:01] No products to update since 2020-06-29 17:40:33
[2020-06-29 17:50:33] Starting automatic stock synchronization...
[2020-06-29 17:50:33] Syncing products since 2020-06-29 17:46:01
[2020-06-29 17:50:33] {"companyId":470,"options":{"filter":{"field":"updatedAt","comparison":"gte","value":"2020-06-29 17:46:01"}}}
[2020-06-29 17:50:34] No products to update since 2020-06-29 17:46:01
[2020-06-29 17:55:42] Starting automatic stock synchronization...
[2020-06-29 17:55:42] Syncing products since 2020-06-29 17:50:33
[2020-06-29 17:55:42] {"companyId":470,"options":{"filter":{"field":"updatedAt","comparison":"gte","value":"2020-06-29 17:50:33"}}}
[2020-06-29 17:55:42] No products to update since 2020-06-29 17:50:33
[2020-06-29 18:01:02] Starting automatic stock synchronization...
[2020-06-29 18:01:02] Syncing products since 2020-06-29 17:55:42
[2020-06-29 18:01:02] {"companyId":470,"options":{"filter":{"field":"updatedAt","comparison":"gte","value":"2020-06-29 17:55:42"}}}
[2020-06-29 18:01:02] No products to update since 2020-06-29 17:55:42
[2020-06-29 18:05:32] Starting automatic stock synchronization...
[2020-06-29 18:05:32] Syncing products since 2020-06-29 18:01:02
[2020-06-29 18:05:32] {"companyId":470,"options":{"filter":{"field":"updatedAt","comparison":"gte","value":"2020-06-29 18:01:02"}}}
[2020-06-29 18:05:32] Sem produtos para actualizar desde 2020-06-29 18:01:02
